[ 2017-12-13 19:07:10 ] INFO start:TableauAdvancedModulesASP.csv 
[ 2017-12-13 19:07:19 ] INFO stop:TableauAdvancedModulesASP.csv 
[ 2017-12-13 19:07:19 ] INFO start:TableauAdvancedModulesTBA.csv 
[ 2017-12-13 19:07:22 ] INFO stop:TableauAdvancedModulesTBA.csv 
[ 2017-12-13 19:07:22 ] INFO start:TableauQAAllotted.csv 
[ 2017-12-13 19:07:23 ] INFO stop:TableauQAAllotted.csv 
[ 2017-12-13 19:07:23 ] INFO start:TableauQARelease.csv 
[ 2017-12-13 19:07:24 ] INFO stop:TableauQARelease.csv 
[ 2017-12-13 19:07:24 ] INFO start:TableauSupportAppUsage.csv 
[ 2017-12-13 19:07:25 ] INFO stop:TableauSupportAppUsage.csv 
[ 2017-12-13 19:56:27 ] INFO start:TableauAdvancedModulesASP.csv 
[ 2017-12-13 19:56:38 ] INFO stop:TableauAdvancedModulesASP.csv 
[ 2017-12-13 19:56:38 ] INFO start:TableauAdvancedModulesTBA.csv 
[ 2017-12-13 19:56:40 ] INFO stop:TableauAdvancedModulesTBA.csv 
[ 2017-12-13 19:56:40 ] INFO start:TableauQAAllotted.csv 
[ 2017-12-13 19:56:42 ] INFO stop:TableauQAAllotted.csv 
[ 2017-12-13 19:56:42 ] INFO start:TableauQARelease.csv 
[ 2017-12-13 19:56:43 ] INFO stop:TableauQARelease.csv 
[ 2017-12-13 19:56:43 ] INFO start:TableauSupportAppUsage.csv 
[ 2017-12-13 19:56:44 ] INFO stop:TableauSupportAppUsage.csv 
[ 2017-12-13 20:01:22 ] INFO start:TableauAdvancedModulesASP.csv 
[ 2017-12-13 20:01:25 ] INFO stop:TableauAdvancedModulesASP.csv 
[ 2017-12-13 20:01:25 ] INFO start:TableauAdvancedModulesTBA.csv 
[ 2017-12-13 20:01:27 ] INFO stop:TableauAdvancedModulesTBA.csv 
[ 2017-12-13 20:01:27 ] INFO start:TableauQAAllotted.csv 
[ 2017-12-13 20:01:27 ] INFO stop:TableauQAAllotted.csv 
[ 2017-12-13 20:01:27 ] INFO start:TableauQARelease.csv 
[ 2017-12-13 20:01:28 ] INFO stop:TableauQARelease.csv 
[ 2017-12-13 20:01:28 ] INFO start:TableauSupportAppUsage.csv 
[ 2017-12-13 20:01:28 ] INFO stop:TableauSupportAppUsage.csv 
[ 2017-12-15 11:50:37 ] INFO start:TableauAdvancedModulesASP.csv 
[ 2017-12-15 11:50:42 ] INFO stop:TableauAdvancedModulesASP.csv 
[ 2017-12-15 11:50:42 ] INFO start:TableauAdvancedModulesTBA.csv 
[ 2017-12-15 11:50:43 ] INFO stop:TableauAdvancedModulesTBA.csv 
[ 2017-12-15 11:50:43 ] INFO start:TableauQAAllotted.csv 
[ 2017-12-15 11:50:43 ] INFO stop:TableauQAAllotted.csv 
[ 2017-12-15 11:50:43 ] INFO start:TableauQARelease.csv 
[ 2017-12-15 11:50:44 ] INFO stop:TableauQARelease.csv 
[ 2017-12-15 11:50:44 ] INFO start:TableauSupportAppUsage.csv 
[ 2017-12-15 13:13:51 ] INFO start:TableauAdvancedModulesASP.csv 
[ 2017-12-15 13:13:56 ] INFO stop:TableauAdvancedModulesASP.csv 
[ 2017-12-15 13:13:56 ] INFO start:TableauAdvancedModulesTBA.csv 
[ 2017-12-15 13:13:57 ] INFO stop:TableauAdvancedModulesTBA.csv 
[ 2017-12-15 13:13:57 ] INFO start:TableauQAAllotted.csv 
[ 2017-12-15 13:13:58 ] INFO stop:TableauQAAllotted.csv 
[ 2017-12-15 13:13:58 ] INFO start:TableauQARelease.csv 
[ 2017-12-15 13:13:58 ] INFO stop:TableauQARelease.csv 
[ 2017-12-15 13:13:58 ] INFO start:TableauSupportAppUsage.csv 
[ 2017-12-15 13:18:13 ] INFO start:TableauAdvancedModulesASP.csv 
[ 2017-12-15 13:18:17 ] INFO stop:TableauAdvancedModulesASP.csv 
[ 2017-12-15 13:18:17 ] INFO start:TableauAdvancedModulesTBA.csv 
[ 2017-12-15 13:18:18 ] INFO stop:TableauAdvancedModulesTBA.csv 
[ 2017-12-15 13:18:18 ] INFO start:TableauQAAllotted.csv 
[ 2017-12-15 13:18:19 ] INFO stop:TableauQAAllotted.csv 
[ 2017-12-15 13:18:19 ] INFO start:TableauQARelease.csv 
[ 2017-12-15 13:18:19 ] INFO stop:TableauQARelease.csv 
[ 2017-12-15 13:18:19 ] INFO start:TableauSupportAppUsage.csv 
[ 2017-12-15 13:18:20 ] INFO stop:TableauSupportAppUsage.csv 
[ 2017-12-15 16:33:02 ] INFO start:TableauAdvancedModulesASP.csv 
[ 2017-12-15 16:33:07 ] INFO stop:TableauAdvancedModulesASP.csv 
[ 2017-12-15 16:33:07 ] INFO start:TableauAdvancedModulesTBA.csv 
[ 2017-12-15 16:33:08 ] INFO stop:TableauAdvancedModulesTBA.csv 
[ 2017-12-15 16:33:08 ] INFO start:TableauQAAllotted.csv 
[ 2017-12-15 16:33:09 ] INFO stop:TableauQAAllotted.csv 
[ 2017-12-15 16:33:09 ] INFO start:TableauQARelease.csv 
[ 2017-12-15 16:33:09 ] INFO stop:TableauQARelease.csv 
[ 2017-12-15 16:33:09 ] INFO start:TableauSupportAppUsage.csv 
[ 2017-12-15 16:33:09 ] INFO stop:TableauSupportAppUsage.csv 
[ 2017-12-15 16:39:49 ] INFO start:TableauAdvancedModulesASP.csv 
[ 2017-12-15 16:39:53 ] INFO stop:TableauAdvancedModulesASP.csv 
[ 2017-12-15 16:39:53 ] INFO start:TableauAdvancedModulesTBA.csv 
[ 2017-12-15 16:39:54 ] INFO stop:TableauAdvancedModulesTBA.csv 
[ 2017-12-15 16:39:54 ] INFO start:TableauQAAllotted.csv 
[ 2017-12-15 16:39:55 ] INFO stop:TableauQAAllotted.csv 
[ 2017-12-15 16:39:55 ] INFO start:TableauQARelease.csv 
[ 2017-12-15 16:39:56 ] INFO stop:TableauQARelease.csv 
[ 2017-12-15 16:39:56 ] INFO start:TableauSupportAppUsage.csv 
[ 2017-12-15 16:39:56 ] INFO stop:TableauSupportAppUsage.csv 
[ 2017-12-15 16:52:56 ] INFO start:TableauAdvancedModulesASP.csv 
[ 2017-12-15 16:53:01 ] INFO stop:TableauAdvancedModulesASP.csv 
[ 2017-12-15 16:53:01 ] INFO start:TableauAdvancedModulesTBA.csv 
[ 2017-12-15 16:53:02 ] INFO stop:TableauAdvancedModulesTBA.csv 
[ 2017-12-15 16:53:02 ] INFO start:TableauQAAllotted.csv 
[ 2017-12-15 16:53:03 ] INFO stop:TableauQAAllotted.csv 
[ 2017-12-15 16:53:03 ] INFO start:TableauQARelease.csv 
[ 2017-12-15 16:53:04 ] INFO stop:TableauQARelease.csv 
[ 2017-12-15 16:53:04 ] INFO start:TableauSupportAppUsage.csv 
[ 2017-12-15 16:53:04 ] INFO stop:TableauSupportAppUsage.csv 
[ 2017-12-15 16:53:43 ] INFO start:TableauAdvancedModulesASP.csv 
[ 2017-12-15 16:53:48 ] INFO stop:TableauAdvancedModulesASP.csv 
[ 2017-12-15 16:53:48 ] INFO start:TableauAdvancedModulesTBA.csv 
[ 2017-12-15 16:53:49 ] INFO stop:TableauAdvancedModulesTBA.csv 
[ 2017-12-15 16:53:49 ] INFO start:TableauQAAllotted.csv 
[ 2017-12-15 16:53:50 ] INFO stop:TableauQAAllotted.csv 
[ 2017-12-15 16:53:50 ] INFO start:TableauQARelease.csv 
[ 2017-12-15 16:53:51 ] INFO stop:TableauQARelease.csv 
[ 2017-12-15 16:53:51 ] INFO start:TableauSupportAppUsage.csv 
[ 2017-12-15 16:53:51 ] INFO stop:TableauSupportAppUsage.csv 
[ 2017-12-15 16:54:02 ] INFO start:TableauAdvancedModulesASP.csv 
[ 2017-12-15 16:54:07 ] INFO stop:TableauAdvancedModulesASP.csv 
[ 2017-12-15 16:54:07 ] INFO start:TableauAdvancedModulesTBA.csv 
[ 2017-12-15 16:54:08 ] INFO stop:TableauAdvancedModulesTBA.csv 
[ 2017-12-15 16:54:08 ] INFO start:TableauQAAllotted.csv 
[ 2017-12-15 16:54:08 ] INFO stop:TableauQAAllotted.csv 
[ 2017-12-15 16:54:08 ] INFO start:TableauQARelease.csv 
[ 2017-12-15 16:54:09 ] INFO stop:TableauQARelease.csv 
[ 2017-12-15 16:54:09 ] INFO start:TableauSupportAppUsage.csv 
[ 2017-12-15 16:54:09 ] INFO stop:TableauSupportAppUsage.csv 
[ 2017-12-15 16:59:17 ] INFO start:TableauAdvancedModulesASP.csv 
[ 2017-12-15 16:59:21 ] INFO stop:TableauAdvancedModulesASP.csv 
[ 2017-12-15 16:59:21 ] INFO start:TableauAdvancedModulesTBA.csv 
[ 2017-12-15 16:59:22 ] INFO stop:TableauAdvancedModulesTBA.csv 
[ 2017-12-15 16:59:22 ] INFO start:TableauQAAllotted.csv 
[ 2017-12-15 16:59:23 ] INFO stop:TableauQAAllotted.csv 
[ 2017-12-15 16:59:23 ] INFO start:TableauQARelease.csv 
[ 2017-12-15 16:59:24 ] INFO stop:TableauQARelease.csv 
[ 2017-12-15 16:59:24 ] INFO start:TableauSupportAppUsage.csv 
[ 2017-12-15 16:59:24 ] INFO stop:TableauSupportAppUsage.csv 
[ 2017-12-15 17:01:03 ] INFO start:TableauAdvancedModulesASP.csv 
[ 2017-12-15 17:01:07 ] INFO stop:TableauAdvancedModulesASP.csv 
[ 2017-12-15 17:01:07 ] INFO start:TableauAdvancedModulesTBA.csv 
[ 2017-12-15 17:01:08 ] INFO stop:TableauAdvancedModulesTBA.csv 
[ 2017-12-15 17:01:08 ] INFO start:TableauQAAllotted.csv 
[ 2017-12-15 17:01:09 ] INFO stop:TableauQAAllotted.csv 
[ 2017-12-15 17:01:09 ] INFO start:TableauQARelease.csv 
[ 2017-12-15 17:01:09 ] INFO stop:TableauQARelease.csv 
[ 2017-12-15 17:01:09 ] INFO start:TableauSupportAppUsage.csv 
[ 2017-12-15 17:01:09 ] INFO stop:TableauSupportAppUsage.csv 
[ 2017-12-15 19:48:21 ] INFO start:TableauAdvancedModulesASP.csv 
[ 2017-12-15 19:48:26 ] INFO stop:TableauAdvancedModulesASP.csv 
[ 2017-12-15 19:48:26 ] INFO start:TableauAdvancedModulesTBA.csv 
[ 2017-12-15 19:48:27 ] INFO stop:TableauAdvancedModulesTBA.csv 
[ 2017-12-15 19:48:27 ] INFO start:TableauQAAllotted.csv 
[ 2017-12-15 19:48:28 ] INFO stop:TableauQAAllotted.csv 
[ 2017-12-15 19:48:28 ] INFO start:TableauQARelease.csv 
[ 2017-12-15 19:48:28 ] INFO stop:TableauQARelease.csv 
[ 2017-12-15 19:48:28 ] INFO start:TableauSupportAppUsage.csv 
[ 2017-12-15 19:48:28 ] INFO stop:TableauSupportAppUsage.csv 
[ 2017-12-16 10:36:41 ] INFO start:TableauAdvancedModulesASP.csv 
[ 2017-12-16 10:36:45 ] INFO stop:TableauAdvancedModulesASP.csv 
[ 2017-12-16 10:36:45 ] INFO start:TableauAdvancedModulesTBA.csv 
[ 2017-12-16 10:36:47 ] INFO stop:TableauAdvancedModulesTBA.csv 
[ 2017-12-16 10:36:47 ] INFO start:TableauQAAllotted.csv 
[ 2017-12-16 10:36:47 ] INFO stop:TableauQAAllotted.csv 
[ 2017-12-16 10:36:47 ] INFO start:TableauQARelease.csv 
[ 2017-12-16 10:36:48 ] INFO stop:TableauQARelease.csv 
[ 2017-12-16 10:36:48 ] INFO start:TableauSupportAppUsage.csv 
[ 2017-12-16 10:36:48 ] INFO stop:TableauSupportAppUsage.csv 
[ 2017-12-16 11:00:00 ] INFO start:TableauAdvancedModulesASP.csv 
[ 2017-12-16 11:00:05 ] INFO stop:TableauAdvancedModulesASP.csv 
[ 2017-12-16 11:00:05 ] INFO start:TableauAdvancedModulesTBA.csv 
[ 2017-12-16 11:00:06 ] INFO stop:TableauAdvancedModulesTBA.csv 
[ 2017-12-16 11:00:06 ] INFO start:TableauQAAllotted.csv 
[ 2017-12-16 11:00:07 ] INFO stop:TableauQAAllotted.csv 
[ 2017-12-16 11:00:07 ] INFO start:TableauQARelease.csv 
[ 2017-12-16 11:00:07 ] INFO stop:TableauQARelease.csv 
[ 2017-12-16 11:00:07 ] INFO start:TableauSupportAppUsage.csv 
[ 2017-12-16 11:00:07 ] INFO stop:TableauSupportAppUsage.csv 
[ 2017-12-16 12:00:01 ] INFO start:TableauAdvancedModulesASP.csv 
[ 2017-12-16 12:00:04 ] INFO stop:TableauAdvancedModulesASP.csv 
[ 2017-12-16 12:00:04 ] INFO start:TableauAdvancedModulesTBA.csv 
[ 2017-12-16 12:00:05 ] INFO stop:TableauAdvancedModulesTBA.csv 
[ 2017-12-16 12:00:05 ] INFO start:TableauQAAllotted.csv 
[ 2017-12-16 12:00:06 ] INFO stop:TableauQAAllotted.csv 
[ 2017-12-16 12:00:06 ] INFO start:TableauQARelease.csv 
[ 2017-12-16 12:00:06 ] INFO stop:TableauQARelease.csv 
[ 2017-12-16 12:00:06 ] INFO start:TableauSupportAppUsage.csv 
[ 2017-12-16 12:00:06 ] INFO stop:TableauSupportAppUsage.csv 
[ 2017-12-16 13:00:01 ] INFO start:TableauAdvancedModulesASP.csv 
[ 2017-12-16 13:00:04 ] INFO stop:TableauAdvancedModulesASP.csv 
[ 2017-12-16 13:00:04 ] INFO start:TableauAdvancedModulesTBA.csv 
[ 2017-12-16 13:00:06 ] INFO stop:TableauAdvancedModulesTBA.csv 
[ 2017-12-16 13:00:06 ] INFO start:TableauQAAllotted.csv 
[ 2017-12-16 13:00:06 ] INFO stop:TableauQAAllotted.csv 
[ 2017-12-16 13:00:06 ] INFO start:TableauQARelease.csv 
[ 2017-12-16 13:00:07 ] INFO stop:TableauQARelease.csv 
[ 2017-12-16 13:00:07 ] INFO start:TableauSupportAppUsage.csv 
[ 2017-12-16 13:00:07 ] INFO stop:TableauSupportAppUsage.csv 
[ 2017-12-16 14:00:01 ] INFO start:TableauAdvancedModulesASP.csv 
[ 2017-12-16 14:00:07 ] INFO stop:TableauAdvancedModulesASP.csv 
[ 2017-12-16 14:00:07 ] INFO start:TableauAdvancedModulesTBA.csv 
[ 2017-12-16 14:00:08 ] INFO stop:TableauAdvancedModulesTBA.csv 
[ 2017-12-16 14:00:08 ] INFO start:TableauQAAllotted.csv 
[ 2017-12-16 14:00:08 ] INFO stop:TableauQAAllotted.csv 
[ 2017-12-16 14:00:08 ] INFO start:TableauQARelease.csv 
[ 2017-12-16 14:00:08 ] INFO stop:TableauQARelease.csv 
[ 2017-12-16 14:00:08 ] INFO start:TableauSupportAppUsage.csv 
[ 2017-12-16 14:00:09 ] INFO stop:TableauSupportAppUsage.csv 
[ 2017-12-16 15:00:01 ] INFO start:TableauAdvancedModulesASP.csv 
[ 2017-12-16 15:00:06 ] INFO stop:TableauAdvancedModulesASP.csv 
[ 2017-12-16 15:00:06 ] INFO start:TableauAdvancedModulesTBA.csv 
[ 2017-12-16 15:00:08 ] INFO stop:TableauAdvancedModulesTBA.csv 
[ 2017-12-16 15:00:08 ] INFO start:TableauQAAllotted.csv 
[ 2017-12-16 15:00:08 ] INFO stop:TableauQAAllotted.csv 
[ 2017-12-16 15:00:08 ] INFO start:TableauQARelease.csv 
[ 2017-12-16 15:00:09 ] INFO stop:TableauQARelease.csv 
[ 2017-12-16 15:00:09 ] INFO start:TableauSupportAppUsage.csv 
[ 2017-12-16 15:00:09 ] INFO stop:TableauSupportAppUsage.csv 
[ 2017-12-16 16:00:01 ] INFO start:TableauAdvancedModulesASP.csv 
[ 2017-12-16 16:00:07 ] INFO stop:TableauAdvancedModulesASP.csv 
[ 2017-12-16 16:00:07 ] INFO start:TableauAdvancedModulesTBA.csv 
[ 2017-12-16 16:00:08 ] INFO stop:TableauAdvancedModulesTBA.csv 
[ 2017-12-16 16:00:08 ] INFO start:TableauQAAllotted.csv 
[ 2017-12-16 16:00:08 ] INFO stop:TableauQAAllotted.csv 
[ 2017-12-16 16:00:08 ] INFO start:TableauQARelease.csv 
[ 2017-12-16 16:00:09 ] INFO stop:TableauQARelease.csv 
[ 2017-12-16 16:00:09 ] INFO start:TableauSupportAppUsage.csv 
[ 2017-12-16 16:00:09 ] INFO stop:TableauSupportAppUsage.csv 
[ 2017-12-16 17:00:01 ] INFO start:TableauAdvancedModulesASP.csv 
[ 2017-12-16 17:00:06 ] INFO stop:TableauAdvancedModulesASP.csv 
[ 2017-12-16 17:00:06 ] INFO start:TableauAdvancedModulesTBA.csv 
[ 2017-12-16 17:00:07 ] INFO stop:TableauAdvancedModulesTBA.csv 
[ 2017-12-16 17:00:07 ] INFO start:TableauQAAllotted.csv 
[ 2017-12-16 17:00:07 ] INFO stop:TableauQAAllotted.csv 
[ 2017-12-16 17:00:07 ] INFO start:TableauQARelease.csv 
[ 2017-12-16 17:00:08 ] INFO stop:TableauQARelease.csv 
[ 2017-12-16 17:00:08 ] INFO start:TableauSupportAppUsage.csv 
[ 2017-12-16 17:00:08 ] INFO stop:TableauSupportAppUsage.csv 
[ 2017-12-16 18:00:01 ] INFO start:TableauAdvancedModulesASP.csv 
[ 2017-12-16 18:00:05 ] INFO stop:TableauAdvancedModulesASP.csv 
[ 2017-12-16 18:00:05 ] INFO start:TableauAdvancedModulesTBA.csv 
[ 2017-12-16 18:00:06 ] INFO stop:TableauAdvancedModulesTBA.csv 
[ 2017-12-16 18:00:06 ] INFO start:TableauQAAllotted.csv 
[ 2017-12-16 18:00:07 ] INFO stop:TableauQAAllotted.csv 
[ 2017-12-16 18:00:07 ] INFO start:TableauQARelease.csv 
[ 2017-12-16 18:00:07 ] INFO stop:TableauQARelease.csv 
[ 2017-12-16 18:00:07 ] INFO start:TableauSupportAppUsage.csv 
[ 2017-12-16 18:00:08 ] INFO stop:TableauSupportAppUsage.csv 
[ 2017-12-16 19:00:01 ] INFO start:TableauAdvancedModulesASP.csv 
[ 2017-12-16 19:00:06 ] INFO stop:TableauAdvancedModulesASP.csv 
[ 2017-12-16 19:00:06 ] INFO start:TableauAdvancedModulesTBA.csv 
[ 2017-12-16 19:00:07 ] INFO stop:TableauAdvancedModulesTBA.csv 
[ 2017-12-16 19:00:07 ] INFO start:TableauQAAllotted.csv 
[ 2017-12-16 19:00:08 ] INFO stop:TableauQAAllotted.csv 
[ 2017-12-16 19:00:08 ] INFO start:TableauQARelease.csv 
[ 2017-12-16 19:00:09 ] INFO stop:TableauQARelease.csv 
[ 2017-12-16 19:00:09 ] INFO start:TableauSupportAppUsage.csv 
[ 2017-12-16 19:00:09 ] INFO stop:TableauSupportAppUsage.csv 
[ 2017-12-18 17:00:01 ] INFO start:TableauAdvancedModulesASP.csv 
[ 2017-12-18 17:00:07 ] INFO stop:TableauAdvancedModulesASP.csv 
[ 2017-12-18 17:00:07 ] INFO start:TableauAdvancedModulesTBA.csv 
[ 2017-12-18 17:00:08 ] INFO stop:TableauAdvancedModulesTBA.csv 
[ 2017-12-18 17:00:08 ] INFO start:TableauQAAllotted.csv 
[ 2017-12-18 17:00:09 ] INFO stop:TableauQAAllotted.csv 
[ 2017-12-18 17:00:09 ] INFO start:TableauQARelease.csv 
[ 2017-12-18 17:00:09 ] INFO stop:TableauQARelease.csv 
[ 2017-12-18 17:00:09 ] INFO start:TableauSupportAppUsage.csv 
[ 2017-12-18 17:00:09 ] INFO stop:TableauSupportAppUsage.csv 
[ 2017-12-18 18:00:01 ] INFO start:TableauAdvancedModulesASP.csv 
[ 2017-12-18 18:00:05 ] INFO stop:TableauAdvancedModulesASP.csv 
[ 2017-12-18 18:00:05 ] INFO start:TableauAdvancedModulesTBA.csv 
[ 2017-12-18 18:00:06 ] INFO stop:TableauAdvancedModulesTBA.csv 
[ 2017-12-18 18:00:06 ] INFO start:TableauQAAllotted.csv 
[ 2017-12-18 18:00:07 ] INFO stop:TableauQAAllotted.csv 
[ 2017-12-18 18:00:07 ] INFO start:TableauQARelease.csv 
[ 2017-12-18 18:00:08 ] INFO stop:TableauQARelease.csv 
[ 2017-12-18 18:00:08 ] INFO start:TableauSupportAppUsage.csv 
[ 2017-12-18 18:00:08 ] INFO stop:TableauSupportAppUsage.csv 
[ 2017-12-18 19:00:01 ] INFO start:TableauAdvancedModulesASP.csv 
[ 2017-12-18 19:00:05 ] INFO stop:TableauAdvancedModulesASP.csv 
[ 2017-12-18 19:00:05 ] INFO start:TableauAdvancedModulesTBA.csv 
[ 2017-12-18 19:00:06 ] INFO stop:TableauAdvancedModulesTBA.csv 
[ 2017-12-18 19:00:06 ] INFO start:TableauQAAllotted.csv 
[ 2017-12-18 19:00:06 ] INFO stop:TableauQAAllotted.csv 
[ 2017-12-18 19:00:06 ] INFO start:TableauQARelease.csv 
[ 2017-12-18 19:00:07 ] INFO stop:TableauQARelease.csv 
[ 2017-12-18 19:00:07 ] INFO start:TableauSupportAppUsage.csv 
[ 2017-12-18 19:00:07 ] INFO stop:TableauSupportAppUsage.csv 
[ 2017-12-19 12:00:01 ] INFO start:TableauAdvancedModulesASP.csv 
[ 2017-12-19 12:00:09 ] INFO stop:TableauAdvancedModulesASP.csv 
[ 2017-12-19 12:00:09 ] INFO start:TableauAdvancedModulesTBA.csv 
[ 2017-12-19 12:00:10 ] INFO stop:TableauAdvancedModulesTBA.csv 
[ 2017-12-19 12:00:10 ] INFO start:TableauQAAllotted.csv 
[ 2017-12-19 12:00:11 ] INFO stop:TableauQAAllotted.csv 
[ 2017-12-19 12:00:11 ] INFO start:TableauQARelease.csv 
[ 2017-12-19 12:00:11 ] INFO stop:TableauQARelease.csv 
[ 2017-12-19 12:00:11 ] INFO start:TableauSupportAppUsage.csv 
[ 2017-12-19 12:00:12 ] INFO stop:TableauSupportAppUsage.csv 
[ 2017-12-19 13:00:02 ] INFO start:TableauAdvancedModulesASP.csv 
[ 2017-12-19 13:00:10 ] INFO stop:TableauAdvancedModulesASP.csv 
[ 2017-12-19 13:00:10 ] INFO start:TableauAdvancedModulesTBA.csv 
[ 2017-12-19 13:00:12 ] INFO stop:TableauAdvancedModulesTBA.csv 
[ 2017-12-19 13:00:12 ] INFO start:TableauQAAllotted.csv 
[ 2017-12-19 13:00:12 ] INFO stop:TableauQAAllotted.csv 
[ 2017-12-19 13:00:12 ] INFO start:TableauQARelease.csv 
[ 2017-12-19 13:00:13 ] INFO stop:TableauQARelease.csv 
[ 2017-12-19 13:00:13 ] INFO start:TableauSupportAppUsage.csv 
[ 2017-12-19 13:00:13 ] INFO stop:TableauSupportAppUsage.csv 
[ 2017-12-19 14:00:01 ] INFO start:TableauAdvancedModulesASP.csv 
[ 2017-12-19 14:00:09 ] INFO stop:TableauAdvancedModulesASP.csv 
[ 2017-12-19 14:00:09 ] INFO start:TableauAdvancedModulesTBA.csv 
[ 2017-12-19 14:00:10 ] INFO stop:TableauAdvancedModulesTBA.csv 
[ 2017-12-19 14:00:10 ] INFO start:TableauQAAllotted.csv 
[ 2017-12-19 14:00:10 ] INFO stop:TableauQAAllotted.csv 
[ 2017-12-19 14:00:10 ] INFO start:TableauQARelease.csv 
[ 2017-12-19 14:00:11 ] INFO stop:TableauQARelease.csv 
[ 2017-12-19 14:00:11 ] INFO start:TableauSupportAppUsage.csv 
[ 2017-12-19 14:00:11 ] INFO stop:TableauSupportAppUsage.csv 
[ 2017-12-19 15:00:02 ] INFO start:TableauAdvancedModulesASP.csv 
[ 2017-12-19 15:00:09 ] INFO stop:TableauAdvancedModulesASP.csv 
[ 2017-12-19 15:00:09 ] INFO start:TableauAdvancedModulesTBA.csv 
[ 2017-12-19 15:00:10 ] INFO stop:TableauAdvancedModulesTBA.csv 
[ 2017-12-19 15:00:10 ] INFO start:TableauQAAllotted.csv 
[ 2017-12-19 15:00:11 ] INFO stop:TableauQAAllotted.csv 
[ 2017-12-19 15:00:11 ] INFO start:TableauQARelease.csv 
[ 2017-12-19 15:00:11 ] INFO stop:TableauQARelease.csv 
[ 2017-12-19 15:00:11 ] INFO start:TableauSupportAppUsage.csv 
[ 2017-12-19 15:00:12 ] INFO stop:TableauSupportAppUsage.csv 
